In file included from [01m[K/opt/ros/melodic/include/ros/publisher.h:35:0[m[K,
                 from [01m[K/opt/ros/melodic/include/ros/node_handle.h:32[m[K,
                 from [01m[K/opt/ros/melodic/include/ros/ros.h:45[m[K,
                 from [01m[K/home/susiejojo/catkin_ws/src/rotors_simulator/rotors_hil_interface/include/rotors_hil_interface/hil_listeners.h:23[m[K,
                 from [01m[K/home/susiejojo/catkin_ws/src/rotors_simulator/rotors_hil_interface/include/rotors_hil_interface/hil_interface.h:30[m[K,
                 from [01m[K/home/susiejojo/catkin_ws/src/rotors_simulator/rotors_hil_interface/src/hil_sensor_level_interface.cpp:17[m[K:
[01m[K/usr/local/include/boost/bind.hpp:41:1:[m[K [01;36m[Knote: [m[K#pragma message: The practice of declaring the Bind placeholders (_1, _2, ...) in the global namespace is deprecated. Please use <boost/bind/bind.hpp> + using namespace boost::placeholders, or define BOOST_BIND_GLOBAL_PLACEHOLDERS to retain the current behavior.
 [01;36m[K)[m[K
 [01;36m[K^[m[K
In file included from [01m[K/opt/ros/melodic/include/ros/publisher.h:35:0[m[K,
                 from [01m[K/opt/ros/melodic/include/ros/node_handle.h:32[m[K,
                 from [01m[K/opt/ros/melodic/include/ros/ros.h:45[m[K,
                 from [01m[K/home/susiejojo/catkin_ws/src/rotors_simulator/rotors_hil_interface/include/rotors_hil_interface/hil_listeners.h:23[m[K,
                 from [01m[K/home/susiejojo/catkin_ws/src/rotors_simulator/rotors_hil_interface/include/rotors_hil_interface/hil_interface.h:30[m[K,
                 from [01m[K/home/susiejojo/catkin_ws/src/rotors_simulator/rotors_hil_interface/src/hil_state_level_interface.cpp:17[m[K:
[01m[K/usr/local/include/boost/bind.hpp:41:1:[m[K [01;36m[Knote: [m[K#pragma message: The practice of declaring the Bind placeholders (_1, _2, ...) in the global namespace is deprecated. Please use <boost/bind/bind.hpp> + using namespace boost::placeholders, or define BOOST_BIND_GLOBAL_PLACEHOLDERS to retain the current behavior.
 [01;36m[K)[m[K
 [01;36m[K^[m[K
In file included from [01m[K/opt/ros/melodic/include/ros/publisher.h:35:0[m[K,
                 from [01m[K/opt/ros/melodic/include/ros/node_handle.h:32[m[K,
                 from [01m[K/opt/ros/melodic/include/ros/ros.h:45[m[K,
                 from [01m[K/home/susiejojo/catkin_ws/src/rotors_simulator/rotors_hil_interface/include/rotors_hil_interface/hil_listeners.h:23[m[K,
                 from [01m[K/home/susiejojo/catkin_ws/src/rotors_simulator/rotors_hil_interface/include/rotors_hil_interface/hil_interface.h:30[m[K,
                 from [01m[K/home/susiejojo/catkin_ws/src/rotors_simulator/rotors_hil_interface/include/rotors_hil_interface/hil_interface_node.h:22[m[K,
                 from [01m[K/home/susiejojo/catkin_ws/src/rotors_simulator/rotors_hil_interface/src/hil_interface_node.cpp:17[m[K:
[01m[K/usr/local/include/boost/bind.hpp:41:1:[m[K [01;36m[Knote: [m[K#pragma message: The practice of declaring the Bind placeholders (_1, _2, ...) in the global namespace is deprecated. Please use <boost/bind/bind.hpp> + using namespace boost::placeholders, or define BOOST_BIND_GLOBAL_PLACEHOLDERS to retain the current behavior.
 [01;36m[K)[m[K
 [01;36m[K^[m[K
[01m[K/home/susiejojo/catkin_ws/src/rotors_simulator/rotors_hil_interface/src/hil_interface_node.cpp:[m[K In constructor ‘[01m[Krotors_hil::HilInterfaceNode::HilInterfaceNode()[m[K’:
[01m[K/home/susiejojo/catkin_ws/src/rotors_simulator/rotors_hil_interface/src/hil_interface_node.cpp:51:27:[m[K [01;35m[Kwarning: [m[K‘[01m[Ktemplate<class> class std::auto_ptr[m[K’ is deprecated [[01;35m[K-Wdeprecated-declarations[m[K]
     hil_interface_ = std::[01;35m[Kauto_ptr[m[K<HilSensorLevelInterface>(new HilSensorLevelInterface(q_S_B));
                           [01;35m[K^~~~~~~~[m[K
In file included from [01m[K/usr/include/c++/7/memory:80:0[m[K,
                 from [01m[K/home/susiejojo/catkin_ws/src/rotors_simulator/rotors_hil_interface/include/rotors_hil_interface/hil_interface_node.h:20[m[K,
                 from [01m[K/home/susiejojo/catkin_ws/src/rotors_simulator/rotors_hil_interface/src/hil_interface_node.cpp:17[m[K:
[01m[K/usr/include/c++/7/bits/unique_ptr.h:51:28:[m[K [01;36m[Knote: [m[Kdeclared here
   template<typename> class [01;36m[Kauto_ptr[m[K;
                            [01;36m[K^~~~~~~~[m[K
[01m[K/home/susiejojo/catkin_ws/src/rotors_simulator/rotors_hil_interface/src/hil_interface_node.cpp:53:27:[m[K [01;35m[Kwarning: [m[K‘[01m[Ktemplate<class> class std::auto_ptr[m[K’ is deprecated [[01;35m[K-Wdeprecated-declarations[m[K]
     hil_interface_ = std::[01;35m[Kauto_ptr[m[K<HilStateLevelInterface>(new HilStateLevelInterface(q_S_B));
                           [01;35m[K^~~~~~~~[m[K
In file included from [01m[K/usr/include/c++/7/memory:80:0[m[K,
                 from [01m[K/home/susiejojo/catkin_ws/src/rotors_simulator/rotors_hil_interface/include/rotors_hil_interface/hil_interface_node.h:20[m[K,
                 from [01m[K/home/susiejojo/catkin_ws/src/rotors_simulator/rotors_hil_interface/src/hil_interface_node.cpp:17[m[K:
[01m[K/usr/include/c++/7/bits/unique_ptr.h:51:28:[m[K [01;36m[Knote: [m[Kdeclared here
   template<typename> class [01;36m[Kauto_ptr[m[K;
                            [01;36m[K^~~~~~~~[m[K
