Determining if the pthread_create exist failed with the following output:
Change Dir: /home/susiejojo/catkin_ws/build/rotors_hil_interface/CMakeFiles/CMakeTmp

Run Build Command:"/usr/bin/make" "cmTC_81228/fast"
/usr/bin/make -f CMakeFiles/cmTC_81228.dir/build.make CMakeFiles/cmTC_81228.dir/build
make[1]: Entering directory '/home/susiejojo/catkin_ws/build/rotors_hil_interface/CMakeFiles/CMakeTmp'
Building C object CMakeFiles/cmTC_81228.dir/CheckSymbolExists.c.o
/usr/bin/cc    -o CMakeFiles/cmTC_81228.dir/CheckSymbolExists.c.o   -c /home/susiejojo/catkin_ws/build/rotors_hil_interface/CMakeFiles/CMakeTmp/CheckSymbolExists.c
Linking C executable cmTC_81228
/usr/bin/cmake -E cmake_link_script CMakeFiles/cmTC_81228.dir/link.txt --verbose=1
/usr/bin/cc      -rdynamic CMakeFiles/cmTC_81228.dir/CheckSymbolExists.c.o  -o cmTC_81228 
CMakeFiles/cmTC_81228.dir/CheckSymbolExists.c.o: In function `main':
CheckSymbolExists.c:(.text+0x1b): undefined reference to `pthread_create'
collect2: error: ld returned 1 exit status
CMakeFiles/cmTC_81228.dir/build.make:97: recipe for target 'cmTC_81228' failed
make[1]: *** [cmTC_81228] Error 1
make[1]: Leaving directory '/home/susiejojo/catkin_ws/build/rotors_hil_interface/CMakeFiles/CMakeTmp'
Makefile:126: recipe for target 'cmTC_81228/fast' failed
make: *** [cmTC_81228/fast] Error 2

File /home/susiejojo/catkin_ws/build/rotors_hil_interface/CMakeFiles/CMakeTmp/CheckSymbolExists.c:
/* */
#include <pthread.h>

int main(int argc, char** argv)
{
  (void)argv;
#ifndef pthread_create
  return ((int*)(&pthread_create))[argc];
#else
  (void)argc;
  return 0;
#endif
}

Determining if the function pthread_create exists in the pthreads failed with the following output:
Change Dir: /home/susiejojo/catkin_ws/build/rotors_hil_interface/CMakeFiles/CMakeTmp

Run Build Command:"/usr/bin/make" "cmTC_6e3bf/fast"
/usr/bin/make -f CMakeFiles/cmTC_6e3bf.dir/build.make CMakeFiles/cmTC_6e3bf.dir/build
make[1]: Entering directory '/home/susiejojo/catkin_ws/build/rotors_hil_interface/CMakeFiles/CMakeTmp'
Building C object CMakeFiles/cmTC_6e3bf.dir/CheckFunctionExists.c.o
/usr/bin/cc   -DCHECK_FUNCTION_EXISTS=pthread_create   -o CMakeFiles/cmTC_6e3bf.dir/CheckFunctionExists.c.o   -c /usr/share/cmake-3.10/Modules/CheckFunctionExists.c
Linking C executable cmTC_6e3bf
/usr/bin/cmake -E cmake_link_script CMakeFiles/cmTC_6e3bf.dir/link.txt --verbose=1
/usr/bin/cc  -DCHECK_FUNCTION_EXISTS=pthread_create    -rdynamic CMakeFiles/cmTC_6e3bf.dir/CheckFunctionExists.c.o  -o cmTC_6e3bf -lpthreads 
/usr/bin/ld: cannot find -lpthreads
collect2: error: ld returned 1 exit status
CMakeFiles/cmTC_6e3bf.dir/build.make:97: recipe for target 'cmTC_6e3bf' failed
make[1]: *** [cmTC_6e3bf] Error 1
make[1]: Leaving directory '/home/susiejojo/catkin_ws/build/rotors_hil_interface/CMakeFiles/CMakeTmp'
Makefile:126: recipe for target 'cmTC_6e3bf/fast' failed
make: *** [cmTC_6e3bf/fast] Error 2


