Not searching for unused variables given on the command line.
[36m--[0m The C compiler identification is GNU 7.5.0
[36m--[0m The CXX compiler identification is GNU 7.5.0
[36m--[0m Check for working C compiler: /usr/bin/cc
[36m--[0m Check for working C compiler: /usr/bin/cc -- works
[36m--[0m Detecting C compiler ABI info
[36m--[0m Detecting C compiler ABI info - done
[36m--[0m Detecting C compile features
[36m--[0m Detecting C compile features - done
[36m--[0m Check for working CXX compiler: /usr/bin/c++
[36m--[0m Check for working CXX compiler: /usr/bin/c++ -- works
[36m--[0m Detecting CXX compiler ABI info
[36m--[0m Detecting CXX compiler ABI info - done
[36m--[0m Detecting CXX compile features
[36m--[0m Detecting CXX compile features - done
[36m--[0m  mavlink found, building MAVLINK_INTERFACE_PLUGIN.
[36m--[0m BUILD_OCTOMAP_PLUGIN variable not provided, setting to FALSE.
[36m--[0m BUILD_OPTICAL_FLOW_PLUGIN variable not provided, setting to FALSE.
[36m--[0m NO_ROS variable not provided, setting to FALSE.
[36m--[0m CMAKE_BINARY_DIR = /home/susiejojo/catkin_ws/build/rotors_gazebo_plugins
[36m--[0m ADDITIONAL_INCLUDE_DIRS =
[36m--[0m BUILD_OCTOMAP_PLUGIN = FALSE, NOT building gazebo_octomap_plugin.
[36m--[0m BUILD_OPTICAL_FLOW_PLUGIN = FALSE, NOT building gazebo_optical_flow_plugin.
[36m--[0m NO_ROS = FALSE, building rotors_gazebo_plugins WITH ROS dependancies.
[36m--[0m Using CATKIN_DEVEL_PREFIX: /home/susiejojo/catkin_ws/devel/.private/rotors_gazebo_plugins
[36m--[0m Using CMAKE_PREFIX_PATH: /home/susiejojo/catkin_ws/devel;/opt/ros/melodic
[36m--[0m This workspace overlays: /home/susiejojo/catkin_ws/devel;/opt/ros/melodic
[36m--[0m Found PythonInterp: /usr/bin/python2 (found suitable version "2.7.17", minimum required is "2")
[36m--[0m Using PYTHON_EXECUTABLE: /usr/bin/python2
[36m--[0m Using Debian Python package layout
[36m--[0m Using empy: /usr/bin/empy
[36m--[0m Using CATKIN_ENABLE_TESTING: ON
[36m--[0m Call enable_testing()
[36m--[0m Using CATKIN_TEST_RESULTS_DIR: /home/susiejojo/catkin_ws/build/rotors_gazebo_plugins/test_results
[36m--[0m Found gtest sources under '/usr/src/googletest': gtests will be built
[36m--[0m Found gmock sources under '/usr/src/googletest': gmock will be built
[36m--[0m Found PythonInterp: /usr/bin/python2 (found version "2.7.17")
[36m--[0m Looking for pthread.h
[36m--[0m Looking for pthread.h - found
[36m--[0m Looking for pthread_create
[36m--[0m Looking for pthread_create - not found
[36m--[0m Looking for pthread_create in pthreads
[36m--[0m Looking for pthread_create in pthreads - not found
[36m--[0m Looking for pthread_create in pthread
[36m--[0m Looking for pthread_create in pthread - found
[36m--[0m Found Threads: TRUE
[36m--[0m Using Python nosetests: /usr/bin/nosetests-2.7
[36m--[0m catkin 0.7.29
[36m--[0m BUILD_SHARED_LIBS is on
[36m--[0m Using these message generators: gencpp;geneus;genlisp;gennodejs;genpy
[36m--[0m CMAKE_BINARY_DIR = /home/susiejojo/catkin_ws/build/rotors_gazebo_plugins
[36m--[0m Found PkgConfig: /usr/bin/pkg-config (found version "0.29.1")
[36m--[0m Checking for module 'eigen3'
[36m--[0m   Found eigen3, version 3.3.4
[36m--[0m Found Eigen: /usr/include/eigen3
[36m--[0m Eigen found (include: /usr/include/eigen3)
[36m--[0m Checking for module 'bullet>=2.82'
[36m--[0m   Found bullet, version 2.87
[36m--[0m Found Simbody: /usr/include/simbody
[31m[1mCMake Error[0m at /usr/local/lib/cmake/Boost-1.75.0/BoostConfig.cmake:141 (find_package):
  Could not find a package configuration file provided by "boost_signals"
  (requested version 1.75.0) with any of the following names:

    boost_signalsConfig.cmake
    boost_signals-config.cmake

  Add the installation prefix of "boost_signals" to CMAKE_PREFIX_PATH or set
  "boost_signals_DIR" to a directory containing one of the above files.  If
  "boost_signals" provides a separate development package or SDK, be sure it
  has been installed.
[36mCall Stack (most recent call first):[0m
  /usr/local/lib/cmake/Boost-1.75.0/BoostConfig.cmake:258 (boost_find_component)
  /usr/share/cmake-3.10/Modules/FindBoost.cmake:242 (find_package)
  /usr/lib/x86_64-linux-gnu/cmake/gazebo/gazebo-config.cmake:159 (find_package)
  /opt/ros/melodic/share/gazebo_dev/cmake/gazebo_dev-extras.cmake:2 (find_package)
  /opt/ros/melodic/share/gazebo_dev/cmake/gazebo_devConfig.cmake:222 (include)
  CMakeLists.txt:125 (find_package)


[36m--[0m Configuring incomplete, errors occurred!
See also "/home/susiejojo/catkin_ws/build/rotors_gazebo_plugins/CMakeFiles/CMakeOutput.log".
See also "/home/susiejojo/catkin_ws/build/rotors_gazebo_plugins/CMakeFiles/CMakeError.log".
