Not searching for unused variables given on the command line.
[36m--[0m  mavlink found, building MAVLINK_INTERFACE_PLUGIN.
[36m--[0m BUILD_OCTOMAP_PLUGIN variable not provided, setting to FALSE.
[36m--[0m BUILD_OPTICAL_FLOW_PLUGIN variable not provided, setting to FALSE.
[36m--[0m NO_ROS variable not provided, setting to FALSE.
[36m--[0m CMAKE_BINARY_DIR = /home/susiejojo/catkin_ws/build/rotors_gazebo_plugins
[36m--[0m ADDITIONAL_INCLUDE_DIRS =
[36m--[0m BUILD_OCTOMAP_PLUGIN = FALSE, NOT building gazebo_octomap_plugin.
[36m--[0m BUILD_OPTICAL_FLOW_PLUGIN = FALSE, NOT building gazebo_optical_flow_plugin.
[36m--[0m NO_ROS = FALSE, building rotors_gazebo_plugins WITH ROS dependancies.
[36m--[0m Using CATKIN_DEVEL_PREFIX: /home/susiejojo/catkin_ws/devel/.private/rotors_gazebo_plugins
[36m--[0m Using CMAKE_PREFIX_PATH: /home/susiejojo/catkin_ws/devel;/opt/ros/melodic
[36m--[0m This workspace overlays: /home/susiejojo/catkin_ws/devel;/opt/ros/melodic
[36m--[0m Found PythonInterp: /usr/bin/python2 (found suitable version "2.7.17", minimum required is "2")
[36m--[0m Using PYTHON_EXECUTABLE: /usr/bin/python2
[36m--[0m Using Debian Python package layout
[36m--[0m Using empy: /usr/bin/empy
[36m--[0m Using CATKIN_ENABLE_TESTING: ON
[36m--[0m Call enable_testing()
[36m--[0m Using CATKIN_TEST_RESULTS_DIR: /home/susiejojo/catkin_ws/build/rotors_gazebo_plugins/test_results
[36m--[0m Found gtest sources under '/usr/src/googletest': gtests will be built
[36m--[0m Found gmock sources under '/usr/src/googletest': gmock will be built
[36m--[0m Found PythonInterp: /usr/bin/python2 (found version "2.7.17")
[36m--[0m Using Python nosetests: /usr/bin/nosetests-2.7
[36m--[0m catkin 0.7.29
[36m--[0m BUILD_SHARED_LIBS is on
[36m--[0m Using these message generators: gencpp;geneus;genlisp;gennodejs;genpy
[36m--[0m CMAKE_BINARY_DIR = /home/susiejojo/catkin_ws/build/rotors_gazebo_plugins
[36m--[0m Eigen found (include: /usr/include/eigen3)
[36m--[0m Boost 1.40.0 found.
[36m--[0m Found Boost components:
   thread;system;filesystem;program_options;regex;iostreams;date_time
[36m--[0m Found Protobuf: /usr/lib/x86_64-linux-gnu/libprotobuf.so;-lpthread (found version "3.0.0")
[36m--[0m Boost  found.
[36m--[0m Looking for OGRE...
[36m--[0m OGRE_PREFIX_WATCH changed.
[36m--[0m Checking for module 'OGRE'
[36m--[0m   Found OGRE, version 1.9.0
[36m--[0m Found Ogre Ghadamon (1.9.0)
[36m--[0m Found OGRE: optimized;/usr/lib/x86_64-linux-gnu/libOgreMain.so;debug;/usr/lib/x86_64-linux-gnu/libOgreMain.so
[36m--[0m Boost  found.
[36m--[0m Found Boost components:
   thread;date_time
[36m--[0m Boost  found.
[36m--[0m Found Boost components:
   thread;date_time
[36m--[0m Looking for OGRE_Paging...
[36m--[0m Found OGRE_Paging: optimized;/usr/lib/x86_64-linux-gnu/libOgrePaging.so;debug;/usr/lib/x86_64-linux-gnu/libOgrePaging.so
[36m--[0m Looking for OGRE_Terrain...
[36m--[0m Found OGRE_Terrain: optimized;/usr/lib/x86_64-linux-gnu/libOgreTerrain.so;debug;/usr/lib/x86_64-linux-gnu/libOgreTerrain.so
[36m--[0m Looking for OGRE_Property...
[36m--[0m Found OGRE_Property: optimized;/usr/lib/x86_64-linux-gnu/libOgreProperty.so;debug;/usr/lib/x86_64-linux-gnu/libOgreProperty.so
[36m--[0m Looking for OGRE_RTShaderSystem...
[36m--[0m Found OGRE_RTShaderSystem: optimized;/usr/lib/x86_64-linux-gnu/libOgreRTShaderSystem.so;debug;/usr/lib/x86_64-linux-gnu/libOgreRTShaderSystem.so
[36m--[0m Looking for OGRE_Volume...
[36m--[0m Found OGRE_Volume: optimized;/usr/lib/x86_64-linux-gnu/libOgreVolume.so;debug;/usr/lib/x86_64-linux-gnu/libOgreVolume.so
[36m--[0m Looking for OGRE_Overlay...
[36m--[0m Found OGRE_Overlay: optimized;/usr/lib/x86_64-linux-gnu/libOgreOverlay.so;debug;/usr/lib/x86_64-linux-gnu/libOgreOverlay.so
[36m--[0m Found Protobuf: /usr/lib/x86_64-linux-gnu/libprotobuf.so;-lpthread;-lpthread (found suitable version "3.0.0", minimum required is "2.3.0")
[36m--[0m Config-file not installed for ZeroMQ -- checking for pkg-config
[36m--[0m Checking for module 'libzmq >= 4'
[36m--[0m   Found libzmq , version 4.2.5
[36m--[0m Found ZeroMQ: TRUE (Required is at least version "4")
[36m--[0m Checking for module 'uuid'
[36m--[0m   Found uuid, version 2.31.1
[36m--[0m Found UUID: TRUE
[36m--[0m Checking for module 'tinyxml2'
[36m--[0m   Found tinyxml2, version 6.0.0
[36m--[0m Looking for dlfcn.h - found
[36m--[0m Looking for libdl - found
[36m--[0m Found DL: TRUE
[36m--[0m FreeImage.pc not found, we will search for FreeImage_INCLUDE_DIRS and FreeImage_LIBRARIES
[36m--[0m Checking for module 'gts'
[36m--[0m   Found gts, version 0.7.6
[36m--[0m Found GTS: TRUE
[36m--[0m Checking for module 'libswscale'
[36m--[0m   Found libswscale, version 4.8.100
[36m--[0m Found SWSCALE: TRUE
[36m--[0m Checking for module 'libavdevice >= 56.4.100'
[36m--[0m   Found libavdevice , version 57.10.100
[36m--[0m Found AVDEVICE: TRUE (Required is at least version "56.4.100")
[36m--[0m Checking for module 'libavformat'
[36m--[0m   Found libavformat, version 57.83.100
[36m--[0m Found AVFORMAT: TRUE
[36m--[0m Checking for module 'libavcodec'
[36m--[0m   Found libavcodec, version 57.107.100
[36m--[0m Found AVCODEC: TRUE
[36m--[0m Checking for module 'libavutil'
[36m--[0m   Found libavutil, version 55.78.100
[36m--[0m Found AVUTIL: TRUE
[36m--[0m Found CURL: /usr/lib/x86_64-linux-gnu/libcurl.so (found version "7.58.0")
[36m--[0m Checking for module 'jsoncpp'
[36m--[0m   Found jsoncpp, version 1.7.4
[36m--[0m Found JSONCPP: TRUE
[36m--[0m Checking for module 'yaml-0.1'
[36m--[0m   Found yaml-0.1, version 0.1.7
[36m--[0m Found YAML: TRUE
[36m--[0m Checking for module 'libzip'
[36m--[0m   Found libzip, version 1.1.2
[36m--[0m Found ZIP: TRUE
[36m--[0m Gazebo version: 9.16
[36m--[0m Found OpenCV: /usr (found version "3.2.0")
[36m--[0m Found Glog: /usr/include
[36m--[0m No yaml_cpp_catkin, using yaml-cpp system library instead.
[36m--[0m Checking for module 'yaml-cpp>=0.5'
[36m--[0m   Found yaml-cpp, version 0.5.2
[36m--[0m PROTOBUF_IMPORT_DIRS = /usr/include/gazebo-9/gazebo/msgs/proto
[36m--[0m Found Protobuf: /usr/lib/x86_64-linux-gnu/libprotobuf.so;-lpthread;-lpthread;-lpthread (found version "3.0.0")
[36m--[0m Checking for module 'protobuf'
[36m--[0m   Found protobuf, version 3.0.0
[33m[1mCMake Warning[0m at /opt/ros/melodic/share/catkin/cmake/catkin_package.cmake:166 (message):
  catkin_package() DEPENDS on 'octomap' but neither 'octomap_INCLUDE_DIRS'
  nor 'octomap_LIBRARIES' is defined.
[36mCall Stack (most recent call first):[0m
  /opt/ros/melodic/share/catkin/cmake/catkin_package.cmake:102 (_catkin_package)
  CMakeLists.txt:229 (catkin_package)


[36m--[0m GAZEBO 9.16.0
--
[36m--[0m BUILD_MAVLINK_INTERFACE_PLUGIN = TRUE, adding mavros dependency and building mavlink_interface_plugin.
WARNMAVLINK_HEADER_DIR not provided, falling back to looking at default paths...
[36m--[0m Found MAVLink headers in workspace at ' /home/susiejojo/catkin_ws/devel/include/mavlink/v2.0/'.
WARNMavlink headers found and mavros version check successful, building MavlinkInterfacePlugin
[36m--[0m CMAKE_INSTALL_PREFIX = /home/susiejojo/catkin_ws/install
[36m--[0m Configuring done
[36m--[0m Generating done
[36m--[0m Build files have been written to: /home/susiejojo/catkin_ws/build/rotors_gazebo_plugins
