[  0%] Built target rotors_comm_generate_messages_lisp
[  0%] Built target rotors_comm_generate_messages_cpp
[  0%] Built target topic_tools_generate_messages_eus
[  0%] Built target topic_tools_generate_messages_nodejs
[  0%] Built target rotors_comm_generate_messages_py
[  0%] Built target tf2_msgs_generate_messages_cpp
[  0%] Built target topic_tools_generate_messages_lisp
[  0%] Built target rotors_comm_generate_messages_eus
[  0%] Built target topic_tools_generate_messages_cpp
[  0%] Built target octomap_msgs_generate_messages_eus
[  0%] Built target octomap_msgs_generate_messages_cpp
[  0%] Built target mav_msgs_generate_messages_py
[  0%] Built target mav_msgs_generate_messages_nodejs
[  0%] Built target mav_msgs_generate_messages_eus
[  0%] Built target dynamic_reconfigure_generate_messages_py
[  0%] Built target dynamic_reconfigure_generate_messages_nodejs
[  0%] Built target dynamic_reconfigure_generate_messages_eus
[ 65%] Built target mav_msgs
[ 65%] Built target tf2_msgs_generate_messages_nodejs
[ 65%] Built target std_srvs_generate_messages_py
[ 65%] Built target std_srvs_generate_messages_cpp
[ 65%] Built target geometry_msgs_generate_messages_py
[ 65%] Built target geometry_msgs_generate_messages_eus
[ 65%] Built target sensor_msgs_generate_messages_nodejs
[ 65%] Built target geometry_msgs_generate_messages_lisp
[ 65%] Built target roscpp_generate_messages_cpp
[ 65%] Built target actionlib_generate_messages_cpp
[ 65%] Built target trajectory_msgs_generate_messages_eus
[ 65%] Built target roscpp_generate_messages_py
[ 65%] Built target trajectory_msgs_generate_messages_cpp
[ 65%] Built target gazebo_plugins_gencfg
[ 65%] Built target tf_generate_messages_py
[ 65%] Built target dynamic_reconfigure_generate_messages_cpp
[ 65%] Built target std_msgs_generate_messages_cpp
[ 65%] Built target sensor_msgs_generate_messages_py
[ 65%] Built target topic_tools_generate_messages_py
[ 65%] Built target nodelet_generate_messages_py
[ 65%] Built target actionlib_msgs_generate_messages_nodejs
[ 65%] Built target nav_msgs_generate_messages_nodejs
[ 65%] Built target trajectory_msgs_generate_messages_py
[ 65%] Built target std_msgs_generate_messages_eus
[ 65%] Built target geometry_msgs_generate_messages_nodejs
[ 65%] Built target gazebo_msgs_generate_messages_py
[ 65%] Built target sensor_msgs_generate_messages_lisp
[ 65%] Built target gazebo_msgs_generate_messages_eus
[ 65%] Built target nav_msgs_generate_messages_cpp
[ 65%] Built target rotors_comm_generate_messages_nodejs
[ 65%] Built target octomap_msgs_generate_messages_nodejs
[ 65%] Built target std_srvs_generate_messages_nodejs
[ 65%] Built target nodelet_generate_messages_cpp
[ 65%] Built target geometry_msgs_generate_messages_cpp
[ 65%] Built target bond_generate_messages_py
[ 65%] Built target actionlib_generate_messages_lisp
[ 65%] Built target dynamic_reconfigure_generate_messages_lisp
[ 65%] Built target bond_generate_messages_lisp
[ 65%] Built target gazebo_msgs_generate_messages_cpp
[ 65%] Built target std_msgs_generate_messages_nodejs
[ 65%] Built target sensor_msgs_generate_messages_eus
[ 65%] Built target sensor_msgs_generate_messages_cpp
[ 65%] Built target std_msgs_generate_messages_lisp
[ 65%] Built target roscpp_generate_messages_nodejs
[ 65%] Built target gazebo_msgs_generate_messages_lisp
[ 65%] Built target std_srvs_generate_messages_eus
[ 65%] Built target octomap_msgs_generate_messages_lisp
[ 65%] Built target roscpp_generate_messages_lisp
[ 65%] Built target bond_generate_messages_eus
[ 65%] Built target _catkin_empty_exported_target
[ 65%] Built target std_msgs_generate_messages_py
[ 65%] Built target std_srvs_generate_messages_lisp
[ 65%] Built target rosgraph_msgs_generate_messages_cpp
[ 65%] Built target gazebo_msgs_generate_messages_nodejs
[ 65%] Built target rosgraph_msgs_generate_messages_lisp
[ 65%] Built target rosgraph_msgs_generate_messages_eus
[ 65%] Built target nodelet_generate_messages_eus
[ 65%] Built target rosgraph_msgs_generate_messages_nodejs
[ 65%] Built target roscpp_generate_messages_eus
[ 65%] Built target nodelet_generate_messages_lisp
[ 65%] Built target rosgraph_msgs_generate_messages_py
[ 65%] Built target actionlib_msgs_generate_messages_eus
[ 65%] Built target nodelet_generate_messages_nodejs
[ 65%] Built target bond_generate_messages_cpp
[ 65%] Built target trajectory_msgs_generate_messages_lisp
[ 65%] Built target tf_generate_messages_eus
[ 65%] Built target actionlib_msgs_generate_messages_cpp
[ 65%] Built target trajectory_msgs_generate_messages_nodejs
[ 65%] Built target bond_generate_messages_nodejs
[ 65%] Built target tf2_msgs_generate_messages_eus
[ 65%] Built target nav_msgs_generate_messages_eus
[ 65%] Built target nav_msgs_generate_messages_lisp
[ 65%] Built target tf2_msgs_generate_messages_lisp
[ 65%] Built target dynamic_reconfigure_gencfg
[ 65%] Built target nav_msgs_generate_messages_py
[ 65%] Built target mav_msgs_generate_messages_cpp
[ 65%] Built target actionlib_msgs_generate_messages_lisp
[ 65%] Built target actionlib_msgs_generate_messages_py
[ 65%] Built target mav_msgs_generate_messages_lisp
[ 65%] Built target tf_generate_messages_lisp
[ 65%] Built target tf_generate_messages_nodejs
[ 65%] Built target octomap_msgs_generate_messages_py
[ 65%] Built target actionlib_generate_messages_eus
[ 65%] Built target tf_generate_messages_cpp
[ 65%] Built target actionlib_generate_messages_nodejs
[ 65%] Built target tf2_msgs_generate_messages_py
[ 65%] Built target actionlib_generate_messages_py
[ 66%] [32m[1mLinking CXX shared library /home/susiejojo/catkin_ws/devel/.private/rotors_gazebo_plugins/lib/librotors_gazebo_imu_plugin.so[0m
[ 67%] [32m[1mLinking CXX shared library /home/susiejojo/catkin_ws/devel/.private/rotors_gazebo_plugins/lib/librotors_gazebo_gps_plugin.so[0m
[ 68%] [32m[1mLinking CXX shared library /home/susiejojo/catkin_ws/devel/.private/rotors_gazebo_plugins/lib/librotors_gazebo_odometry_plugin.so[0m
[ 69%] [32m[1mLinking CXX shared library /home/susiejojo/catkin_ws/devel/.private/rotors_gazebo_plugins/lib/librotors_gazebo_wind_plugin.so[0m
[ 70%] [32m[1mLinking CXX shared library /home/susiejojo/catkin_ws/devel/.private/rotors_gazebo_plugins/lib/librotors_gazebo_fw_dynamics_plugin.so[0m
[ 71%] [32m[1mLinking CXX shared library /home/susiejojo/catkin_ws/devel/.private/rotors_gazebo_plugins/lib/librotors_gazebo_lidar_plugin.so[0m
[ 73%] [32m[1mLinking CXX shared library /home/susiejojo/catkin_ws/devel/.private/rotors_gazebo_plugins/lib/librotors_gazebo_noisydepth_plugin.so[0m
[ 74%] [32m[1mLinking CXX shared library /home/susiejojo/catkin_ws/devel/.private/rotors_gazebo_plugins/lib/librotors_gazebo_ros_interface_plugin.so[0m
[ 75%] Built target rotors_gazebo_lidar_plugin
[ 75%] Built target rotors_gazebo_imu_plugin
[ 76%] Built target rotors_gazebo_gps_plugin
[35m[1mScanning dependencies of target rotors_gazebo_bag_plugin[0m
[ 77%] Built target rotors_gazebo_fw_dynamics_plugin
[35m[1mScanning dependencies of target gazebo_geotagged_images_plugin[0m
[ 78%] [32m[1mLinking CXX shared library /home/susiejojo/catkin_ws/devel/.private/rotors_gazebo_plugins/lib/librotors_gazebo_magnetometer_plugin.so[0m
[ 80%] Built target rotors_gazebo_noisydepth_plugin
[ 82%] [32m[1mLinking CXX shared library /home/susiejojo/catkin_ws/devel/.private/rotors_gazebo_plugins/lib/librotors_gazebo_controller_interface.so[0m
[ 83%] Built target rotors_gazebo_ros_interface_plugin
[ 84%] Built target rotors_gazebo_wind_plugin
[35m[1mScanning dependencies of target rotors_gazebo_pressure_plugin[0m
[35m[1mScanning dependencies of target LiftDragPlugin[0m
[35m[1mScanning dependencies of target rotors_gazebo_multirotor_base_plugin[0m
[ 85%] Built target rotors_gazebo_magnetometer_plugin
[35m[1mScanning dependencies of target rotors_gazebo_motor_model[0m
[ 86%] Built target rotors_gazebo_controller_interface
[ 87%] [32mBuilding CXX object CMakeFiles/rotors_gazebo_pressure_plugin.dir/src/gazebo_pressure_plugin.cpp.o[0m
[ 88%] [32mBuilding CXX object CMakeFiles/rotors_gazebo_multirotor_base_plugin.dir/src/gazebo_multirotor_base_plugin.cpp.o[0m
[ 88%] [32mBuilding CXX object CMakeFiles/LiftDragPlugin.dir/src/liftdrag_plugin/liftdrag_plugin.cpp.o[0m
[ 89%] [32mBuilding CXX object CMakeFiles/gazebo_geotagged_images_plugin.dir/src/external/gazebo_geotagged_images_plugin.cpp.o[0m
[ 91%] [32mBuilding CXX object CMakeFiles/rotors_gazebo_bag_plugin.dir/src/gazebo_bag_plugin.cpp.o[0m
[ 92%] Built target rotors_gazebo_odometry_plugin
[ 93%] [32mBuilding CXX object CMakeFiles/rotors_gazebo_motor_model.dir/src/gazebo_motor_model.cpp.o[0m
In file included from [01m[K/home/susiejojo/catkin_ws/src/rotors_simulator/rotors_gazebo_plugins/include/rotors_gazebo_plugins/gazebo_motor_model.h:29:0[m[K,
                 from [01m[K/home/susiejojo/catkin_ws/src/rotors_simulator/rotors_gazebo_plugins/src/gazebo_motor_model.cpp:22[m[K:
[01m[K/usr/local/include/boost/bind.hpp:41:1:[m[K [01;36m[Knote: [m[K#pragma message: The practice of declaring the Bind placeholders (_1, _2, ...) in the global namespace is deprecated. Please use <boost/bind/bind.hpp> + using namespace boost::placeholders, or define BOOST_BIND_GLOBAL_PLACEHOLDERS to retain the current behavior.
 [01;36m[K)[m[K
 [01;36m[K^[m[K
In file included from [01m[K/usr/include/gazebo-9/gazebo/common/MovingWindowFilter.hh:26:0[m[K,
                 from [01m[K/usr/include/gazebo-9/gazebo/common/common.hh:21[m[K,
                 from [01m[K/home/susiejojo/catkin_ws/src/rotors_simulator/rotors_gazebo_plugins/include/rotors_gazebo_plugins/gazebo_multirotor_base_plugin.h:28[m[K,
                 from [01m[K/home/susiejojo/catkin_ws/src/rotors_simulator/rotors_gazebo_plugins/src/gazebo_multirotor_base_plugin.cpp:23[m[K:
[01m[K/usr/local/include/boost/bind.hpp:41:1:[m[K [01;36m[Knote: [m[K#pragma message: The practice of declaring the Bind placeholders (_1, _2, ...) in the global namespace is deprecated. Please use <boost/bind/bind.hpp> + using namespace boost::placeholders, or define BOOST_BIND_GLOBAL_PLACEHOLDERS to retain the current behavior.
 [01;36m[K)[m[K
 [01;36m[K^[m[K
In file included from [01m[K/usr/include/gazebo-9/gazebo/common/MovingWindowFilter.hh:26:0[m[K,
                 from [01m[K/usr/include/gazebo-9/gazebo/common/common.hh:21[m[K,
                 from [01m[K/home/susiejojo/catkin_ws/src/rotors_simulator/rotors_gazebo_plugins/include/rotors_gazebo_plugins/gazebo_pressure_plugin.h:25[m[K,
                 from [01m[K/home/susiejojo/catkin_ws/src/rotors_simulator/rotors_gazebo_plugins/src/gazebo_pressure_plugin.cpp:18[m[K:
[01m[K/usr/local/include/boost/bind.hpp:41:1:[m[K [01;36m[Knote: [m[K#pragma message: The practice of declaring the Bind placeholders (_1, _2, ...) in the global namespace is deprecated. Please use <boost/bind/bind.hpp> + using namespace boost::placeholders, or define BOOST_BIND_GLOBAL_PLACEHOLDERS to retain the current behavior.
 [01;36m[K)[m[K
 [01;36m[K^[m[K
In file included from [01m[K/usr/include/gazebo-9/gazebo/common/MovingWindowFilter.hh:26:0[m[K,
                 from [01m[K/usr/include/gazebo-9/gazebo/common/common.hh:21[m[K,
                 from [01m[K/home/susiejojo/catkin_ws/src/rotors_simulator/rotors_gazebo_plugins/include/rotors_gazebo_plugins/gazebo_bag_plugin.h:28[m[K,
                 from [01m[K/home/susiejojo/catkin_ws/src/rotors_simulator/rotors_gazebo_plugins/src/gazebo_bag_plugin.cpp:22[m[K:
[01m[K/usr/local/include/boost/bind.hpp:41:1:[m[K [01;36m[Knote: [m[K#pragma message: The practice of declaring the Bind placeholders (_1, _2, ...) in the global namespace is deprecated. Please use <boost/bind/bind.hpp> + using namespace boost::placeholders, or define BOOST_BIND_GLOBAL_PLACEHOLDERS to retain the current behavior.
 [01;36m[K)[m[K
 [01;36m[K^[m[K
In file included from [01m[K/usr/include/gazebo-9/gazebo/transport/Connection.hh:24:0[m[K,
                 from [01m[K/usr/include/gazebo-9/gazebo/transport/transport.hh:3[m[K,
                 from [01m[K/home/susiejojo/catkin_ws/src/rotors_simulator/rotors_gazebo_plugins/src/liftdrag_plugin/liftdrag_plugin.cpp:24[m[K:
[01m[K/usr/local/include/boost/bind.hpp:41:1:[m[K [01;36m[Knote: [m[K#pragma message: The practice of declaring the Bind placeholders (_1, _2, ...) in the global namespace is deprecated. Please use <boost/bind/bind.hpp> + using namespace boost::placeholders, or define BOOST_BIND_GLOBAL_PLACEHOLDERS to retain the current behavior.
 [01;36m[K)[m[K
 [01;36m[K^[m[K
[ 94%] [32m[1mLinking CXX shared library /home/susiejojo/catkin_ws/devel/.private/rotors_gazebo_plugins/lib/librotors_gazebo_pressure_plugin.so[0m
[ 94%] Built target rotors_gazebo_pressure_plugin
[ 95%] [32m[1mLinking CXX shared library /home/susiejojo/catkin_ws/devel/.private/rotors_gazebo_plugins/lib/librotors_gazebo_multirotor_base_plugin.so[0m
[ 96%] [32m[1mLinking CXX shared library /home/susiejojo/catkin_ws/devel/.private/rotors_gazebo_plugins/lib/libLiftDragPlugin.so[0m
In file included from [01m[K/usr/include/gazebo-9/gazebo/common/MovingWindowFilter.hh:26:0[m[K,
                 from [01m[K/usr/include/gazebo-9/gazebo/common/common.hh:21[m[K,
                 from [01m[K/usr/include/gazebo-9/gazebo/gazebo_core.hh:19[m[K,
                 from [01m[K/usr/include/gazebo-9/gazebo/gazebo.hh:20[m[K,
                 from [01m[K/home/susiejojo/catkin_ws/src/rotors_simulator/rotors_gazebo_plugins/include/rotors_gazebo_plugins/external/gazebo_geotagged_images_plugin.h:23[m[K,
                 from [01m[K/home/susiejojo/catkin_ws/src/rotors_simulator/rotors_gazebo_plugins/src/external/gazebo_geotagged_images_plugin.cpp:18[m[K:
[01m[K/usr/local/include/boost/bind.hpp:41:1:[m[K [01;36m[Knote: [m[K#pragma message: The practice of declaring the Bind placeholders (_1, _2, ...) in the global namespace is deprecated. Please use <boost/bind/bind.hpp> + using namespace boost::placeholders, or define BOOST_BIND_GLOBAL_PLACEHOLDERS to retain the current behavior.
 [01;36m[K)[m[K
 [01;36m[K^[m[K
[ 96%] Built target rotors_gazebo_multirotor_base_plugin
[ 97%] [32m[1mLinking CXX shared library /home/susiejojo/catkin_ws/devel/.private/rotors_gazebo_plugins/lib/librotors_gazebo_motor_model.so[0m
[ 97%] Built target rotors_gazebo_motor_model
[ 97%] Built target LiftDragPlugin
[ 98%] [32m[1mLinking CXX shared library /home/susiejojo/catkin_ws/devel/.private/rotors_gazebo_plugins/lib/librotors_gazebo_bag_plugin.so[0m
[ 98%] Built target rotors_gazebo_bag_plugin
[100%] [32m[1mLinking CXX shared library /home/susiejojo/catkin_ws/devel/.private/rotors_gazebo_plugins/lib/libgazebo_geotagged_images_plugin.so[0m
[100%] Built target gazebo_geotagged_images_plugin
