[  4%] Built target paparazzi.xml-v2.0
[  8%] Built target matrixpilot.xml-v2.0
[ 12%] Built target icarous.xml-v2.0
[ 16%] Built target autoquad.xml-v2.0
[ 20%] Built target ardupilotmega.xml-v2.0
[ 25%] Built target ualberta.xml-v2.0
[ 29%] Built target standard.xml-v2.0
[ 33%] Built target uAvionix.xml-v2.0
[ 37%] Built target development.xml-v2.0
[ 41%] Built target all.xml-v2.0
[ 45%] Built target ASLUAV.xml-v2.0
[ 50%] Built target development.xml-v1.0
[ 54%] Built target ASLUAV.xml-v1.0
[ 58%] Built target matrixpilot.xml-v1.0
[ 62%] Built target ardupilotmega.xml-v1.0
[ 66%] Built target common.xml-v1.0
[ 70%] Built target autoquad.xml-v1.0
[ 75%] Built target uAvionix.xml-v1.0
[ 79%] Built target paparazzi.xml-v1.0
[ 83%] Built target all.xml-v1.0
[ 87%] Built target standard.xml-v1.0
[ 91%] Built target icarous.xml-v1.0
[ 95%] Built target ualberta.xml-v1.0
[100%] Built target common.xml-v2.0
